<?xml version="1.0" encoding="UTF-8"?>
<!-- Generated by org.testng.reporters.JUnitReportReporter -->
<testsuite hostname="DESKTOP-GT5VKB2" failures="0" tests="2" name="com.greencart_test.CreateGreenKartTes" time="14.289" errors="0" timestamp="2023-04-18T20:02:17 BDT" skipped="0">
  <testcase classname="com.greencart_test.CreateGreenKartTes" name="click" time="10.548"/>
  <system-out/>
  <testcase classname="com.greencart_test.CreateGreenKartTes" name="addToCard" time="3.741"/>
  <system-out/>
</testsuite> <!-- com.greencart_test.CreateGreenKartTes -->
